<?xml version="1.0" encoding="UTF-8"?>
<!-- Generated by org.testng.reporters.JUnitReportReporter -->
<testsuite hostname="saumi" failures="0" tests="1" name="functionaltestcases.SprintOne" time="12.678" errors="0" timestamp="2022-06-04T09:18:22 IST" skipped="0">
  <testcase classname="functionaltestcases.SprintOne" name="tc01" time="12.678"/>
  <system-out/>
</testsuite> <!-- functionaltestcases.SprintOne -->
